<?xml version="1.0" encoding="UTF-8"?>
<robot generator="Robot 4.1.1 (Python 3.9.2 on win32)" generated="20211005 20:11:38.241" rpa="false" schemaversion="2">
<suite id="s1" name="LoginTestUsingSeleniumLibrary" source="C:\Users\GS-2412\Documents\Selenium_Robot_Python_Project\automationJenkinsSeleniumRobotRepo\TestCases\LoginTestUsingSeleniumLibrary.robot">
<test id="s1-t1" name="LoginTestinvalid">
<kw name="Open Browser" library="SeleniumLibrary">
<arg>${url}</arg>
<arg>${browser}</arg>
<doc>Opens a new browser instance to the optional ``url``.</doc>
<msg timestamp="20211005 20:11:38.721" level="INFO">Opening browser 'chrome' to base url 'https://www.saucedemo.com/'.</msg>
<status status="PASS" starttime="20211005 20:11:38.721" endtime="20211005 20:11:46.344"/>
</kw>
<kw name="enterUserNameAndPassword">
<kw name="Input Text" library="SeleniumLibrary">
<arg>id:user-name</arg>
<arg>${username}</arg>
<doc>Types the given ``text`` into the text field identified by ``locator``.</doc>
<msg timestamp="20211005 20:11:46.350" level="INFO">Typing text 'standard_user' into text field 'id:user-name'.</msg>
<status status="PASS" starttime="20211005 20:11:46.347" endtime="20211005 20:11:46.525"/>
</kw>
<kw name="Input Text" library="SeleniumLibrary">
<arg>id:password</arg>
<arg>${password}</arg>
<doc>Types the given ``text`` into the text field identified by ``locator``.</doc>
<msg timestamp="20211005 20:11:46.525" level="INFO">Typing text 'secret_sauce' into text field 'id:password'.</msg>
<status status="PASS" starttime="20211005 20:11:46.525" endtime="20211005 20:11:46.713"/>
</kw>
<status status="PASS" starttime="20211005 20:11:46.346" endtime="20211005 20:11:46.713"/>
</kw>
<kw name="Click Element" library="SeleniumLibrary">
<arg>id:login-button</arg>
<doc>Click the element identified by ``locator``.</doc>
<msg timestamp="20211005 20:11:46.713" level="INFO">Clicking element 'id:login-button'.</msg>
<status status="PASS" starttime="20211005 20:11:46.713" endtime="20211005 20:11:46.943"/>
</kw>
<kw name="Element Text Should Be" library="SeleniumLibrary">
<arg>class:title</arg>
<arg>PRODUCTS</arg>
<doc>Verifies that element ``locator`` contains exact the text ``expected``.</doc>
<msg timestamp="20211005 20:11:46.959" level="INFO">Verifying element 'class:title' contains exact text 'PRODUCTS'.</msg>
<status status="PASS" starttime="20211005 20:11:46.959" endtime="20211005 20:11:47.037"/>
</kw>
<kw name="Close Browser" library="SeleniumLibrary">
<doc>Closes the current browser.</doc>
<status status="PASS" starttime="20211005 20:11:47.037" endtime="20211005 20:11:49.595"/>
</kw>
<tag>ui</tag>
<status status="PASS" starttime="20211005 20:11:38.721" endtime="20211005 20:11:49.595"/>
</test>
<status status="PASS" starttime="20211005 20:11:38.257" endtime="20211005 20:11:49.595"/>
</suite>
<statistics>
<total>
<stat pass="1" fail="0" skip="0">All Tests</stat>
</total>
<tag>
<stat pass="1" fail="0" skip="0">ui</stat>
</tag>
<suite>
<stat pass="1" fail="0" skip="0" id="s1" name="LoginTestUsingSeleniumLibrary">LoginTestUsingSeleniumLibrary</stat>
</suite>
</statistics>
<errors>
</errors>
</robot>
